0 silly argv {
0 silly argv   _: [ 'run' ],
0 silly argv   scope: '@ordered.online/manager',
0 silly argv   stream: true,
0 silly argv   lernaVersion: '3.20.2',
0 silly argv   '$0': 'node_modules/.bin/lerna',
0 silly argv   script: 'android'
0 silly argv }
1 notice cli v3.20.2
2 verbose rootPath /home/felix/apps
3 notice filter including "@ordered.online/manager"
4 info filter [ '@ordered.online/manager' ]
5 info Executing command in 1 package: "yarn run android"
6 silly npmRunScript.stream [ 'android', [], '@ordered.online/manager' ]
7 silly getExecOpts /home/felix/apps/packages/manager undefined
8 error MaxBufferError: stdout maxBuffer exceeded
8 error     at PassThrough.<anonymous> (/home/felix/apps/node_modules/get-stream/index.js:41:19)
8 error     at PassThrough.emit (events.js:215:7)
8 error     at addChunk (_stream_readable.js:309:12)
8 error     at readableAddChunk (_stream_readable.js:286:13)
8 error     at PassThrough.Readable.push (_stream_readable.js:224:10)
8 error     at PassThrough.Transform.push (_stream_transform.js:150:32)
8 error     at PassThrough.afterTransform (_stream_transform.js:94:10)
8 error     at PassThrough._transform (_stream_passthrough.js:44:3)
8 error     at PassThrough.Transform._read (_stream_transform.js:189:10)
